This is pdfTeX, Version 3.14159265-2.6-1.40.21 (MiKTeX 2.9.7440 64-bit) (preloaded format=pdflatex 2020.6.24)  24 JUN 2020 17:58
entering extended mode
**./main.tex
(main.tex
LaTeX2e <2020-02-02> patch level 5
L3 programming layer <2020-05-15>
("C:\Users\sdhzd\AppData\Local\Programs\MiKTeX 2.9\tex/latex/base\article.cls"
Document Class: article 2019/12/20 v1.4l Standard LaTeX document class
("C:\Users\sdhzd\AppData\Local\Programs\MiKTeX 2.9\tex/latex/base\size12.clo"
File: size12.clo 2019/12/20 v1.4l Standard LaTeX file (size option)
)
\c@part=\count167
\c@section=\count168
\c@subsection=\count169
\c@subsubsection=\count170
\c@paragraph=\count171
\c@subparagraph=\count172
\c@figure=\count173
\c@table=\count174
\abovecaptionskip=\skip47
\belowcaptionskip=\skip48
\bibindent=\dimen134
) ("C:\Users\sdhzd\AppData\Local\Programs\MiKTeX 2.9\tex/latex/minted\minted.st
y"
Package: minted 2017/07/19 v2.5 Yet another Pygments shim for LaTeX

("C:\Users\sdhzd\AppData\Local\Programs\MiKTeX 2.9\tex/latex/graphics\keyval.st
y"
Package: keyval 2014/10/28 v1.15 key=value parser (DPC)
\KV@toks@=\toks15
)
("C:\Users\sdhzd\AppData\Local\Programs\MiKTeX 2.9\tex/latex/kvoptions\kvoption
s.sty"
Package: kvoptions 2019/11/29 v3.13 Key value format for package options (HO)

("C:\Users\sdhzd\AppData\Local\Programs\MiKTeX 2.9\tex/generic/ltxcmds\ltxcmds.
sty"
Package: ltxcmds 2019/12/15 v1.24 LaTeX kernel commands for general use (HO)
)
("C:\Users\sdhzd\AppData\Local\Programs\MiKTeX 2.9\tex/generic/kvsetkeys\kvsetk
eys.sty"
Package: kvsetkeys 2019/12/15 v1.18 Key value parser (HO)
))
("C:\Users\sdhzd\AppData\Local\Programs\MiKTeX 2.9\tex/latex/fvextra\fvextra.st
y"
Package: fvextra 2019/02/04 v1.4 fvextra - extensions and patches for fancyvrb
 ("C:\Users\sdhzd\AppData\Local\Programs\MiKTeX 2.9\tex/latex/base\ifthen.sty"
Package: ifthen 2014/09/29 v1.1c Standard LaTeX ifthen package (DPC)
)
("C:\Users\sdhzd\AppData\Local\Programs\MiKTeX 2.9\tex/latex/etoolbox\etoolbox.
sty"
Package: etoolbox 2019/09/21 v2.5h e-TeX tools for LaTeX (JAW)
\etb@tempcnta=\count175
)
("C:\Users\sdhzd\AppData\Local\Programs\MiKTeX 2.9\tex/latex/fancyvrb\fancyvrb.
sty"
Package: fancyvrb 2020/05/03 v3.6 verbatim text (tvz,hv)
\FV@CodeLineNo=\count176
\FV@InFile=\read2
\FV@TabBox=\box45
\c@FancyVerbLine=\count177
\FV@StepNumber=\count178
\FV@OutFile=\write3
)
("C:\Users\sdhzd\AppData\Local\Programs\MiKTeX 2.9\tex/latex/upquote\upquote.st
y"
Package: upquote 2012/04/19 v1.3 upright-quote and grave-accent glyphs in verba
tim
)
("C:\Users\sdhzd\AppData\Local\Programs\MiKTeX 2.9\tex/latex/lineno\lineno.sty"
Package: lineno 2005/11/02 line numbers on paragraphs v4.41
\linenopenalty=\count179
\output=\toks16
\linenoprevgraf=\count180
\linenumbersep=\dimen135
\linenumberwidth=\dimen136
\c@linenumber=\count181
\c@pagewiselinenumber=\count182
\c@LN@truepage=\count183
\c@internallinenumber=\count184
\c@internallinenumbers=\count185
\quotelinenumbersep=\dimen137
\bframerule=\dimen138
\bframesep=\dimen139
\bframebox=\box46
LaTeX Info: Redefining \\ on input line 3056.
)
\c@FV@TrueTabGroupLevel=\count186
\c@FV@TrueTabCounter=\count187
\FV@TabBox@Group=\box47
\FV@TmpLength=\skip49
\c@FV@HighlightLinesStart=\count188
\c@FV@HighlightLinesStop=\count189
\FV@LoopCount=\count190
\FV@NCharsBox=\box48
\FV@BreakIndent=\dimen140
\FV@BreakIndentNChars=\count191
\FV@BreakSymbolSepLeft=\dimen141
\FV@BreakSymbolSepLeftNChars=\count192
\FV@BreakSymbolSepRight=\dimen142
\FV@BreakSymbolSepRightNChars=\count193
\FV@BreakSymbolIndentLeft=\dimen143
\FV@BreakSymbolIndentLeftNChars=\count194
\FV@BreakSymbolIndentRight=\dimen144
\FV@BreakSymbolIndentRightNChars=\count195
\c@FancyVerbLineBreakLast=\count196
\FV@LineBox=\box49
\FV@LineIndentBox=\box50
\FV@LineWidth=\dimen145
) ("C:\Users\sdhzd\AppData\Local\Programs\MiKTeX 2.9\tex/latex/tools\calc.sty"
Package: calc 2017/05/25 v4.3 Infix arithmetic (KKT,FJ)
\calc@Acount=\count197
\calc@Bcount=\count198
\calc@Adimen=\dimen146
\calc@Bdimen=\dimen147
\calc@Askip=\skip50
\calc@Bskip=\skip51
LaTeX Info: Redefining \setlength on input line 80.
LaTeX Info: Redefining \addtolength on input line 81.
\calc@Ccount=\count199
\calc@Cskip=\skip52
)
("C:\Users\sdhzd\AppData\Local\Programs\MiKTeX 2.9\tex/latex/tools\shellesc.sty
"
Package: shellesc 2019/11/08 v1.0c unified shell escape interface for LaTeX
Package shellesc Info: Unrestricted shell escape enabled on input line 75.
)
("C:\Users\sdhzd\AppData\Local\Programs\MiKTeX 2.9\tex/latex/ifplatform\ifplatf
orm.sty"
Package: ifplatform 2017/10/13 v0.4a Testing for the operating system

("C:\Users\sdhzd\AppData\Local\Programs\MiKTeX 2.9\tex/latex/pdftexcmds\pdftexc
mds.sty"
Package: pdftexcmds 2019/11/24 v0.31 Utility functions of pdfTeX for LuaTeX (HO
)

("C:\Users\sdhzd\AppData\Local\Programs\MiKTeX 2.9\tex/generic/infwarerr\infwar
err.sty"
Package: infwarerr 2019/12/03 v1.5 Providing info/warning/error messages (HO)
)
("C:\Users\sdhzd\AppData\Local\Programs\MiKTeX 2.9\tex/generic/iftex\iftex.sty"
Package: iftex 2020/03/06 v1.0d TeX engine tests
)
Package pdftexcmds Info: \pdf@primitive is available.
Package pdftexcmds Info: \pdf@ifprimitive is available.
Package pdftexcmds Info: \pdfdraftmode found.
)
("C:\Users\sdhzd\AppData\Local\Programs\MiKTeX 2.9\tex/generic/catchfile\catchf
ile.sty"
Package: catchfile 2019/12/09 v1.8 Catch the contents of a file (HO)

("C:\Users\sdhzd\AppData\Local\Programs\MiKTeX 2.9\tex/generic/etexcmds\etexcmd
s.sty"
Package: etexcmds 2019/12/15 v1.7 Avoid name clashes with e-TeX commands (HO)
))
("C:\Users\sdhzd\AppData\Local\Programs\MiKTeX 2.9\tex/generic/iftex\ifluatex.s
ty"
Package: ifluatex 2019/10/25 v1.5 ifluatex legacy package. Use iftex instead.
))
("C:\Users\sdhzd\AppData\Local\Programs\MiKTeX 2.9\tex/latex/xstring\xstring.st
y"
("C:\Users\sdhzd\AppData\Local\Programs\MiKTeX 2.9\tex/generic/xstring\xstring.
tex"
\integerpart=\count266
\decimalpart=\count267
)
Package: xstring 2019/02/06 v1.83 String manipulations (CT)
)
("C:\Users\sdhzd\AppData\Local\Programs\MiKTeX 2.9\tex/latex/framed\framed.sty"
Package: framed 2011/10/22 v 0.96: framed or shaded text with page breaks
\OuterFrameSep=\skip53
\fb@frw=\dimen148
\fb@frh=\dimen149
\FrameRule=\dimen150
\FrameSep=\dimen151
) ("C:\Users\sdhzd\AppData\Local\Programs\MiKTeX 2.9\tex/latex/float\float.sty"
Package: float 2001/11/08 v1.3d Float enhancements (AL)
\c@float@type=\count268
\float@exts=\toks17
\float@box=\box51
\@float@everytoks=\toks18
\@floatcapt=\box52
)
\minted@appexistsfile=\read3
\minted@bgbox=\box53
\minted@code=\write4
\c@minted@FancyVerbLineTemp=\count269
\c@minted@pygmentizecounter=\count270
\@float@every@listing=\toks19
\c@listing=\count271
)
runsystem(if not exist _minted-main mkdir _minted-main)...executed.

 ("C:\Users\sdhzd\AppData\Local\Programs\MiKTeX 2.9\tex/latex/tools\xspace.sty"
Package: xspace 2014/10/28 v1.13 Space after command names (DPC,MH)
)
("C:\Users\sdhzd\AppData\Local\Programs\MiKTeX 2.9\tex/latex/tools\longtable.st
y"
Package: longtable 2020/01/07 v4.13 Multi-page Table package (DPC)
\LTleft=\skip54
\LTright=\skip55
\LTpre=\skip56
\LTpost=\skip57
\LTchunksize=\count272
\LTcapwidth=\dimen152
\LT@head=\box54
\LT@firsthead=\box55
\LT@foot=\box56
\LT@lastfoot=\box57
\LT@cols=\count273
\LT@rows=\count274
\c@LT@tables=\count275
\c@LT@chunks=\count276
\LT@p@ftn=\toks20
)
("C:\Users\sdhzd\AppData\Local\Programs\MiKTeX 2.9\tex/latex/tcolorbox\tcolorbo
x.sty"
Package: tcolorbox 2020/04/28 version 4.30 text color boxes

("C:\Users\sdhzd\AppData\Local\Programs\MiKTeX 2.9\tex/latex/pgf/basiclayer\pgf
.sty"
("C:\Users\sdhzd\AppData\Local\Programs\MiKTeX 2.9\tex/latex/pgf/utilities\pgfr
cs.sty"
("C:\Users\sdhzd\AppData\Local\Programs\MiKTeX 2.9\tex/generic/pgf/utilities\pg
futil-common.tex"
\pgfutil@everybye=\toks21
\pgfutil@tempdima=\dimen153
\pgfutil@tempdimb=\dimen154

("C:\Users\sdhzd\AppData\Local\Programs\MiKTeX 2.9\tex/generic/pgf/utilities\pg
futil-common-lists.tex"))
("C:\Users\sdhzd\AppData\Local\Programs\MiKTeX 2.9\tex/generic/pgf/utilities\pg
futil-latex.def"
\pgfutil@abb=\box58

("C:\Users\sdhzd\AppData\Local\Programs\MiKTeX 2.9\tex/latex/ms\everyshi.sty"
Package: everyshi 2001/05/15 v3.00 EveryShipout Package (MS)
))
("C:\Users\sdhzd\AppData\Local\Programs\MiKTeX 2.9\tex/generic/pgf/utilities\pg
frcs.code.tex"
("C:\Users\sdhzd\AppData\Local\Programs\MiKTeX 2.9\tex/generic/pgf\pgf.revision
.tex")
Package: pgfrcs 2020/01/08 v3.1.5b (3.1.5b)
))
Package: pgf 2020/01/08 v3.1.5b (3.1.5b)

("C:\Users\sdhzd\AppData\Local\Programs\MiKTeX 2.9\tex/latex/pgf/basiclayer\pgf
core.sty"
("C:\Users\sdhzd\AppData\Local\Programs\MiKTeX 2.9\tex/latex/graphics\graphicx.
sty"
Package: graphicx 2019/11/30 v1.2a Enhanced LaTeX Graphics (DPC,SPQR)

("C:\Users\sdhzd\AppData\Local\Programs\MiKTeX 2.9\tex/latex/graphics\graphics.
sty"
Package: graphics 2019/11/30 v1.4a Standard LaTeX Graphics (DPC,SPQR)

("C:\Users\sdhzd\AppData\Local\Programs\MiKTeX 2.9\tex/latex/graphics\trig.sty"
Package: trig 2016/01/03 v1.10 sin cos tan (DPC)
)
("C:\Users\sdhzd\AppData\Local\Programs\MiKTeX 2.9\tex/latex/graphics-cfg\graph
ics.cfg"
File: graphics.cfg 2016/06/04 v1.11 sample graphics configuration
)
Package graphics Info: Driver file: pdftex.def on input line 105.

("C:\Users\sdhzd\AppData\Local\Programs\MiKTeX 2.9\tex/latex/graphics-def\pdfte
x.def"
File: pdftex.def 2018/01/08 v1.0l Graphics/color driver for pdftex
))
\Gin@req@height=\dimen155
\Gin@req@width=\dimen156
)
("C:\Users\sdhzd\AppData\Local\Programs\MiKTeX 2.9\tex/latex/pgf/systemlayer\pg
fsys.sty"
("C:\Users\sdhzd\AppData\Local\Programs\MiKTeX 2.9\tex/generic/pgf/systemlayer\
pgfsys.code.tex"
Package: pgfsys 2020/01/08 v3.1.5b (3.1.5b)

("C:\Users\sdhzd\AppData\Local\Programs\MiKTeX 2.9\tex/generic/pgf/utilities\pg
fkeys.code.tex"
\pgfkeys@pathtoks=\toks22
\pgfkeys@temptoks=\toks23

("C:\Users\sdhzd\AppData\Local\Programs\MiKTeX 2.9\tex/generic/pgf/utilities\pg
fkeysfiltered.code.tex"
\pgfkeys@tmptoks=\toks24
))
\pgf@x=\dimen157
\pgf@y=\dimen158
\pgf@xa=\dimen159
\pgf@ya=\dimen160
\pgf@xb=\dimen161
\pgf@yb=\dimen162
\pgf@xc=\dimen163
\pgf@yc=\dimen164
\pgf@xd=\dimen165
\pgf@yd=\dimen166
\w@pgf@writea=\write5
\r@pgf@reada=\read4
\c@pgf@counta=\count277
\c@pgf@countb=\count278
\c@pgf@countc=\count279
\c@pgf@countd=\count280
\t@pgf@toka=\toks25
\t@pgf@tokb=\toks26
\t@pgf@tokc=\toks27
\pgf@sys@id@count=\count281

("C:\Users\sdhzd\AppData\Local\Programs\MiKTeX 2.9\tex/generic/pgf/systemlayer\
pgf.cfg"
File: pgf.cfg 2020/01/08 v3.1.5b (3.1.5b)
)
Driver file for pgf: pgfsys-pdftex.def

("C:\Users\sdhzd\AppData\Local\Programs\MiKTeX 2.9\tex/generic/pgf/systemlayer\
pgfsys-pdftex.def"
File: pgfsys-pdftex.def 2020/01/08 v3.1.5b (3.1.5b)

("C:\Users\sdhzd\AppData\Local\Programs\MiKTeX 2.9\tex/generic/pgf/systemlayer\
pgfsys-common-pdf.def"
File: pgfsys-common-pdf.def 2020/01/08 v3.1.5b (3.1.5b)
)))
("C:\Users\sdhzd\AppData\Local\Programs\MiKTeX 2.9\tex/generic/pgf/systemlayer\
pgfsyssoftpath.code.tex"
File: pgfsyssoftpath.code.tex 2020/01/08 v3.1.5b (3.1.5b)
\pgfsyssoftpath@smallbuffer@items=\count282
\pgfsyssoftpath@bigbuffer@items=\count283
)
("C:\Users\sdhzd\AppData\Local\Programs\MiKTeX 2.9\tex/generic/pgf/systemlayer\
pgfsysprotocol.code.tex"
File: pgfsysprotocol.code.tex 2020/01/08 v3.1.5b (3.1.5b)
))
("C:\Users\sdhzd\AppData\Local\Programs\MiKTeX 2.9\tex/latex/xcolor\xcolor.sty"
Package: xcolor 2016/05/11 v2.12 LaTeX color extensions (UK)

("C:\Users\sdhzd\AppData\Local\Programs\MiKTeX 2.9\tex/latex/graphics-cfg\color
.cfg"
File: color.cfg 2016/01/02 v1.6 sample color configuration
)
Package xcolor Info: Driver file: pdftex.def on input line 225.
Package xcolor Info: Model `cmy' substituted by `cmy0' on input line 1348.
Package xcolor Info: Model `hsb' substituted by `rgb' on input line 1352.
Package xcolor Info: Model `RGB' extended on input line 1364.
Package xcolor Info: Model `HTML' substituted by `rgb' on input line 1366.
Package xcolor Info: Model `Hsb' substituted by `hsb' on input line 1367.
Package xcolor Info: Model `tHsb' substituted by `hsb' on input line 1368.
Package xcolor Info: Model `HSB' substituted by `hsb' on input line 1369.
Package xcolor Info: Model `Gray' substituted by `gray' on input line 1370.
Package xcolor Info: Model `wave' substituted by `hsb' on input line 1371.
)
("C:\Users\sdhzd\AppData\Local\Programs\MiKTeX 2.9\tex/generic/pgf/basiclayer\p
gfcore.code.tex"
Package: pgfcore 2020/01/08 v3.1.5b (3.1.5b)

("C:\Users\sdhzd\AppData\Local\Programs\MiKTeX 2.9\tex/generic/pgf/math\pgfmath
.code.tex"
("C:\Users\sdhzd\AppData\Local\Programs\MiKTeX 2.9\tex/generic/pgf/math\pgfmath
calc.code.tex"
("C:\Users\sdhzd\AppData\Local\Programs\MiKTeX 2.9\tex/generic/pgf/math\pgfmath
util.code.tex")
("C:\Users\sdhzd\AppData\Local\Programs\MiKTeX 2.9\tex/generic/pgf/math\pgfmath
parser.code.tex"
\pgfmath@dimen=\dimen167
\pgfmath@count=\count284
\pgfmath@box=\box59
\pgfmath@toks=\toks28
\pgfmath@stack@operand=\toks29
\pgfmath@stack@operation=\toks30
)
("C:\Users\sdhzd\AppData\Local\Programs\MiKTeX 2.9\tex/generic/pgf/math\pgfmath
functions.code.tex"
("C:\Users\sdhzd\AppData\Local\Programs\MiKTeX 2.9\tex/generic/pgf/math\pgfmath
functions.basic.code.tex")
("C:\Users\sdhzd\AppData\Local\Programs\MiKTeX 2.9\tex/generic/pgf/math\pgfmath
functions.trigonometric.code.tex")
("C:\Users\sdhzd\AppData\Local\Programs\MiKTeX 2.9\tex/generic/pgf/math\pgfmath
functions.random.code.tex")
("C:\Users\sdhzd\AppData\Local\Programs\MiKTeX 2.9\tex/generic/pgf/math\pgfmath
functions.comparison.code.tex")
("C:\Users\sdhzd\AppData\Local\Programs\MiKTeX 2.9\tex/generic/pgf/math\pgfmath
functions.base.code.tex")
("C:\Users\sdhzd\AppData\Local\Programs\MiKTeX 2.9\tex/generic/pgf/math\pgfmath
functions.round.code.tex")
("C:\Users\sdhzd\AppData\Local\Programs\MiKTeX 2.9\tex/generic/pgf/math\pgfmath
functions.misc.code.tex")
("C:\Users\sdhzd\AppData\Local\Programs\MiKTeX 2.9\tex/generic/pgf/math\pgfmath
functions.integerarithmetics.code.tex")))
("C:\Users\sdhzd\AppData\Local\Programs\MiKTeX 2.9\tex/generic/pgf/math\pgfmath
float.code.tex"
\c@pgfmathroundto@lastzeros=\count285
))
("C:\Users\sdhzd\AppData\Local\Programs\MiKTeX 2.9\tex/generic/pgf/math\pgfint.
code.tex")
("C:\Users\sdhzd\AppData\Local\Programs\MiKTeX 2.9\tex/generic/pgf/basiclayer\p
gfcorepoints.code.tex"
File: pgfcorepoints.code.tex 2020/01/08 v3.1.5b (3.1.5b)
\pgf@picminx=\dimen168
\pgf@picmaxx=\dimen169
\pgf@picminy=\dimen170
\pgf@picmaxy=\dimen171
\pgf@pathminx=\dimen172
\pgf@pathmaxx=\dimen173
\pgf@pathminy=\dimen174
\pgf@pathmaxy=\dimen175
\pgf@xx=\dimen176
\pgf@xy=\dimen177
\pgf@yx=\dimen178
\pgf@yy=\dimen179
\pgf@zx=\dimen180
\pgf@zy=\dimen181
)
("C:\Users\sdhzd\AppData\Local\Programs\MiKTeX 2.9\tex/generic/pgf/basiclayer\p
gfcorepathconstruct.code.tex"
File: pgfcorepathconstruct.code.tex 2020/01/08 v3.1.5b (3.1.5b)
\pgf@path@lastx=\dimen182
\pgf@path@lasty=\dimen183
)
("C:\Users\sdhzd\AppData\Local\Programs\MiKTeX 2.9\tex/generic/pgf/basiclayer\p
gfcorepathusage.code.tex"
File: pgfcorepathusage.code.tex 2020/01/08 v3.1.5b (3.1.5b)
\pgf@shorten@end@additional=\dimen184
\pgf@shorten@start@additional=\dimen185
)
("C:\Users\sdhzd\AppData\Local\Programs\MiKTeX 2.9\tex/generic/pgf/basiclayer\p
gfcorescopes.code.tex"
File: pgfcorescopes.code.tex 2020/01/08 v3.1.5b (3.1.5b)
\pgfpic=\box60
\pgf@hbox=\box61
\pgf@layerbox@main=\box62
\pgf@picture@serial@count=\count286
)
("C:\Users\sdhzd\AppData\Local\Programs\MiKTeX 2.9\tex/generic/pgf/basiclayer\p
gfcoregraphicstate.code.tex"
File: pgfcoregraphicstate.code.tex 2020/01/08 v3.1.5b (3.1.5b)
\pgflinewidth=\dimen186
)
("C:\Users\sdhzd\AppData\Local\Programs\MiKTeX 2.9\tex/generic/pgf/basiclayer\p
gfcoretransformations.code.tex"
File: pgfcoretransformations.code.tex 2020/01/08 v3.1.5b (3.1.5b)
\pgf@pt@x=\dimen187
\pgf@pt@y=\dimen188
\pgf@pt@temp=\dimen189
)
("C:\Users\sdhzd\AppData\Local\Programs\MiKTeX 2.9\tex/generic/pgf/basiclayer\p
gfcorequick.code.tex"
File: pgfcorequick.code.tex 2020/01/08 v3.1.5b (3.1.5b)
)
("C:\Users\sdhzd\AppData\Local\Programs\MiKTeX 2.9\tex/generic/pgf/basiclayer\p
gfcoreobjects.code.tex"
File: pgfcoreobjects.code.tex 2020/01/08 v3.1.5b (3.1.5b)
)
("C:\Users\sdhzd\AppData\Local\Programs\MiKTeX 2.9\tex/generic/pgf/basiclayer\p
gfcorepathprocessing.code.tex"
File: pgfcorepathprocessing.code.tex 2020/01/08 v3.1.5b (3.1.5b)
)
("C:\Users\sdhzd\AppData\Local\Programs\MiKTeX 2.9\tex/generic/pgf/basiclayer\p
gfcorearrows.code.tex"
File: pgfcorearrows.code.tex 2020/01/08 v3.1.5b (3.1.5b)
\pgfarrowsep=\dimen190
)
("C:\Users\sdhzd\AppData\Local\Programs\MiKTeX 2.9\tex/generic/pgf/basiclayer\p
gfcoreshade.code.tex"
File: pgfcoreshade.code.tex 2020/01/08 v3.1.5b (3.1.5b)
\pgf@max=\dimen191
\pgf@sys@shading@range@num=\count287
\pgf@shadingcount=\count288
)
("C:\Users\sdhzd\AppData\Local\Programs\MiKTeX 2.9\tex/generic/pgf/basiclayer\p
gfcoreimage.code.tex"
File: pgfcoreimage.code.tex 2020/01/08 v3.1.5b (3.1.5b)

("C:\Users\sdhzd\AppData\Local\Programs\MiKTeX 2.9\tex/generic/pgf/basiclayer\p
gfcoreexternal.code.tex"
File: pgfcoreexternal.code.tex 2020/01/08 v3.1.5b (3.1.5b)
\pgfexternal@startupbox=\box63
))
("C:\Users\sdhzd\AppData\Local\Programs\MiKTeX 2.9\tex/generic/pgf/basiclayer\p
gfcorelayers.code.tex"
File: pgfcorelayers.code.tex 2020/01/08 v3.1.5b (3.1.5b)
)
("C:\Users\sdhzd\AppData\Local\Programs\MiKTeX 2.9\tex/generic/pgf/basiclayer\p
gfcoretransparency.code.tex"
File: pgfcoretransparency.code.tex 2020/01/08 v3.1.5b (3.1.5b)
)
("C:\Users\sdhzd\AppData\Local\Programs\MiKTeX 2.9\tex/generic/pgf/basiclayer\p
gfcorepatterns.code.tex"
File: pgfcorepatterns.code.tex 2020/01/08 v3.1.5b (3.1.5b)
)
("C:\Users\sdhzd\AppData\Local\Programs\MiKTeX 2.9\tex/generic/pgf/basiclayer\p
gfcorerdf.code.tex"
File: pgfcorerdf.code.tex 2020/01/08 v3.1.5b (3.1.5b)
)))
("C:\Users\sdhzd\AppData\Local\Programs\MiKTeX 2.9\tex/generic/pgf/modules\pgfm
oduleshapes.code.tex"
File: pgfmoduleshapes.code.tex 2020/01/08 v3.1.5b (3.1.5b)
\pgfnodeparttextbox=\box64
)
("C:\Users\sdhzd\AppData\Local\Programs\MiKTeX 2.9\tex/generic/pgf/modules\pgfm
oduleplot.code.tex"
File: pgfmoduleplot.code.tex 2020/01/08 v3.1.5b (3.1.5b)
)
("C:\Users\sdhzd\AppData\Local\Programs\MiKTeX 2.9\tex/latex/pgf/compatibility\
pgfcomp-version-0-65.sty"
Package: pgfcomp-version-0-65 2020/01/08 v3.1.5b (3.1.5b)
\pgf@nodesepstart=\dimen192
\pgf@nodesepend=\dimen193
)
("C:\Users\sdhzd\AppData\Local\Programs\MiKTeX 2.9\tex/latex/pgf/compatibility\
pgfcomp-version-1-18.sty"
Package: pgfcomp-version-1-18 2020/01/08 v3.1.5b (3.1.5b)
))
("C:\Users\sdhzd\AppData\Local\Programs\MiKTeX 2.9\tex/latex/tools\verbatim.sty
"
Package: verbatim 2019/11/10 v1.5r LaTeX2e package for verbatim enhancements
\every@verbatim=\toks31
\verbatim@line=\toks32
\verbatim@in@stream=\read5
)
("C:\Users\sdhzd\AppData\Local\Programs\MiKTeX 2.9\tex/latex/environ\environ.st
y"
Package: environ 2014/05/04 v0.3 A new way to define environments

("C:\Users\sdhzd\AppData\Local\Programs\MiKTeX 2.9\tex/latex/trimspaces\trimspa
ces.sty"
Package: trimspaces 2009/09/17 v1.1 Trim spaces around a token list
)
\@envbody=\toks33
)
\tcb@titlebox=\box65
\tcb@upperbox=\box66
\tcb@lowerbox=\box67
\tcb@phantombox=\box68
\c@tcbbreakpart=\count289
\c@tcblayer=\count290
\c@tcolorbox@number=\count291
\tcb@temp=\box69
\tcb@temp=\box70
\tcb@temp=\box71
\tcb@temp=\box72
\tcb@out=\write6
\tcb@record@out=\write7
)
("C:\Users\sdhzd\AppData\Local\Programs\MiKTeX 2.9\tex/latex/tools\hhline.sty"
Package: hhline 2020/01/04 v2.04 Table rule package (DPC)
)
("C:\Users\sdhzd\AppData\Local\Programs\MiKTeX 2.9\tex/latex/hyperref\hyperref.
sty"
Package: hyperref 2020-05-15 v7.00e Hypertext links for LaTeX

("C:\Users\sdhzd\AppData\Local\Programs\MiKTeX 2.9\tex/generic/kvdefinekeys\kvd
efinekeys.sty"
Package: kvdefinekeys 2019-12-19 v1.6 Define keys (HO)
)
("C:\Users\sdhzd\AppData\Local\Programs\MiKTeX 2.9\tex/generic/pdfescape\pdfesc
ape.sty"
Package: pdfescape 2019/12/09 v1.15 Implements pdfTeX's escape features (HO)
)
("C:\Users\sdhzd\AppData\Local\Programs\MiKTeX 2.9\tex/latex/hycolor\hycolor.st
y"
Package: hycolor 2020-01-27 v1.10 Color options for hyperref/bookmark (HO)
)
("C:\Users\sdhzd\AppData\Local\Programs\MiKTeX 2.9\tex/latex/letltxmacro\letltx
macro.sty"
Package: letltxmacro 2019/12/03 v1.6 Let assignment for LaTeX macros (HO)
)
("C:\Users\sdhzd\AppData\Local\Programs\MiKTeX 2.9\tex/latex/auxhook\auxhook.st
y"
Package: auxhook 2019-12-17 v1.6 Hooks for auxiliary files (HO)
)
\@linkdim=\dimen194
\Hy@linkcounter=\count292
\Hy@pagecounter=\count293

("C:\Users\sdhzd\AppData\Local\Programs\MiKTeX 2.9\tex/latex/hyperref\pd1enc.de
f"
File: pd1enc.def 2020-05-15 v7.00e Hyperref: PDFDocEncoding definition (HO)
Now handling font encoding PD1 ...
... no UTF-8 mapping file for font encoding PD1
)
("C:\Users\sdhzd\AppData\Local\Programs\MiKTeX 2.9\tex/generic/intcalc\intcalc.
sty"
Package: intcalc 2019/12/15 v1.3 Expandable calculations with integers (HO)
)
\Hy@SavedSpaceFactor=\count294
Package hyperref Info: Hyper figures OFF on input line 4464.
Package hyperref Info: Link nesting OFF on input line 4469.
Package hyperref Info: Hyper index ON on input line 4472.
Package hyperref Info: Plain pages OFF on input line 4479.
Package hyperref Info: Backreferencing OFF on input line 4484.
Package hyperref Info: Implicit mode ON; LaTeX internals redefined.
Package hyperref Info: Bookmarks ON on input line 4717.
\c@Hy@tempcnt=\count295
 ("C:\Users\sdhzd\AppData\Local\Programs\MiKTeX 2.9\tex/latex/url\url.sty"
\Urlmuskip=\muskip16
Package: url 2013/09/16  ver 3.4  Verb mode for urls, etc.
)
LaTeX Info: Redefining \url on input line 5076.
\XeTeXLinkMargin=\dimen195

("C:\Users\sdhzd\AppData\Local\Programs\MiKTeX 2.9\tex/generic/bitset\bitset.st
y"
Package: bitset 2019/12/09 v1.3 Handle bit-vector datatype (HO)

("C:\Users\sdhzd\AppData\Local\Programs\MiKTeX 2.9\tex/generic/bigintcalc\bigin
tcalc.sty"
Package: bigintcalc 2019/12/15 v1.5 Expandable calculations on big integers (HO
)
))
\Fld@menulength=\count296
\Field@Width=\dimen196
\Fld@charsize=\dimen197
Package hyperref Info: Hyper figures OFF on input line 6347.
Package hyperref Info: Link nesting OFF on input line 6352.
Package hyperref Info: Hyper index ON on input line 6355.
Package hyperref Info: backreferencing OFF on input line 6362.
Package hyperref Info: Link coloring OFF on input line 6367.
Package hyperref Info: Link coloring with OCG OFF on input line 6372.
Package hyperref Info: PDF/A mode OFF on input line 6377.
LaTeX Info: Redefining \ref on input line 6417.
LaTeX Info: Redefining \pageref on input line 6421.

("C:\Users\sdhzd\AppData\Local\Programs\MiKTeX 2.9\tex/generic/atbegshi\atbegsh
i.sty"
Package: atbegshi 2019/12/05 v1.19 At begin shipout hook (HO)
)
\Hy@abspage=\count297
\c@Item=\count298
\c@Hfootnote=\count299
)
Package hyperref Info: Driver (autodetected): hpdftex.

("C:\Users\sdhzd\AppData\Local\Programs\MiKTeX 2.9\tex/latex/hyperref\hpdftex.d
ef"
File: hpdftex.def 2020-05-15 v7.00e Hyperref driver for pdfTeX

("C:\Users\sdhzd\AppData\Local\Programs\MiKTeX 2.9\tex/latex/atveryend\atveryen
d.sty"
Package: atveryend 2019-12-11 v1.11 Hooks at the very end of document (HO)
)
\Fld@listcount=\count300
\c@bookmark@seq@number=\count301

("C:\Users\sdhzd\AppData\Local\Programs\MiKTeX 2.9\tex/latex/rerunfilecheck\rer
unfilecheck.sty"
Package: rerunfilecheck 2019/12/05 v1.9 Rerun checks for auxiliary files (HO)

("C:\Users\sdhzd\AppData\Local\Programs\MiKTeX 2.9\tex/generic/uniquecounter\un
iquecounter.sty"
Package: uniquecounter 2019/12/15 v1.4 Provide unlimited unique counter (HO)
)
Package uniquecounter Info: New unique counter `rerunfilecheck' on input line 2
86.
)
\Hy@SectionHShift=\skip58
)
("C:\Users\sdhzd\AppData\Local\Programs\MiKTeX 2.9\tex/latex/tablefootnote\tabl
efootnote.sty"
Package: tablefootnote 2014/01/26 v1.1c Table foot notes (HMM)

("C:\Users\sdhzd\AppData\Local\Programs\MiKTeX 2.9\tex/latex/xifthen\xifthen.st
y"
Package: xifthen 2015/11/05 v1.4.0 Extended ifthen features

("C:\Users\sdhzd\AppData\Local\Programs\MiKTeX 2.9\tex/latex/ifmtarg\ifmtarg.st
y"
Package: ifmtarg 2018/04/16 v1.2b check for an empty argument
)))
("C:\Users\sdhzd\AppData\Local\Programs\MiKTeX 2.9\tex/latex/threeparttablex\th
reeparttablex.sty"
Package: threeparttablex 2013/07/23 v0.3 by daleif

("C:\Users\sdhzd\AppData\Local\Programs\MiKTeX 2.9\tex/latex/threeparttable\thr
eeparttable.sty"
Package: threeparttable 2003/06/13  v 3.0
\@tempboxb=\box73
)
\TPTL@width=\skip59
)
("C:\Users\sdhzd\AppData\Local\Programs\MiKTeX 2.9\tex/latex/listings\listings.
sty"
\lst@mode=\count302
\lst@gtempboxa=\box74
\lst@token=\toks34
\lst@length=\count303
\lst@currlwidth=\dimen198
\lst@column=\count304
\lst@pos=\count305
\lst@lostspace=\dimen199
\lst@width=\dimen256
\lst@newlines=\count306
\lst@lineno=\count307
\lst@maxwidth=\dimen257

("C:\Users\sdhzd\AppData\Local\Programs\MiKTeX 2.9\tex/latex/listings\lstmisc.s
ty"
File: lstmisc.sty 2020/03/24 1.8d (Carsten Heinz)
\c@lstnumber=\count308
\lst@skipnumbers=\count309
\lst@framebox=\box75
)
("C:\Users\sdhzd\AppData\Local\Programs\MiKTeX 2.9\tex/latex/listings\listings.
cfg"
File: listings.cfg 2020/03/24 1.8d listings configuration
))
Package: listings 2020/03/24 1.8d (Carsten Heinz)

("C:\Users\sdhzd\AppData\Local\Programs\MiKTeX 2.9\tex/latex/amsmath\amsmath.st
y"
Package: amsmath 2020/01/20 v2.17e AMS math features
\@mathmargin=\skip60

For additional information on amsmath, use the `?' option.

("C:\Users\sdhzd\AppData\Local\Programs\MiKTeX 2.9\tex/latex/amsmath\amstext.st
y"
Package: amstext 2000/06/29 v2.01 AMS text

("C:\Users\sdhzd\AppData\Local\Programs\MiKTeX 2.9\tex/latex/amsmath\amsgen.sty
"
File: amsgen.sty 1999/11/30 v2.0 generic functions
\@emptytoks=\toks35
\ex@=\dimen258
))
("C:\Users\sdhzd\AppData\Local\Programs\MiKTeX 2.9\tex/latex/amsmath\amsbsy.sty
"
Package: amsbsy 1999/11/29 v1.2d Bold Symbols
\pmbraise@=\dimen259
)
("C:\Users\sdhzd\AppData\Local\Programs\MiKTeX 2.9\tex/latex/amsmath\amsopn.sty
"
Package: amsopn 2016/03/08 v2.02 operator names
)
\inf@bad=\count310
LaTeX Info: Redefining \frac on input line 227.
\uproot@=\count311
\leftroot@=\count312
LaTeX Info: Redefining \overline on input line 389.
\classnum@=\count313
\DOTSCASE@=\count314
LaTeX Info: Redefining \ldots on input line 486.
LaTeX Info: Redefining \dots on input line 489.
LaTeX Info: Redefining \cdots on input line 610.
\Mathstrutbox@=\box76
\strutbox@=\box77
\big@size=\dimen260
LaTeX Font Info:    Redeclaring font encoding OML on input line 733.
LaTeX Font Info:    Redeclaring font encoding OMS on input line 734.
\macc@depth=\count315
\c@MaxMatrixCols=\count316
\dotsspace@=\muskip17
\c@parentequation=\count317
\dspbrk@lvl=\count318
\tag@help=\toks36
\row@=\count319
\column@=\count320
\maxfields@=\count321
\andhelp@=\toks37
\eqnshift@=\dimen261
\alignsep@=\dimen262
\tagshift@=\dimen263
\tagwidth@=\dimen264
\totwidth@=\dimen265
\lineht@=\dimen266
\@envbody=\toks38
\multlinegap=\skip61
\multlinetaggap=\skip62
\mathdisplay@stack=\toks39
LaTeX Info: Redefining \[ on input line 2859.
LaTeX Info: Redefining \] on input line 2860.
)
("C:\Users\sdhzd\AppData\Local\Programs\MiKTeX 2.9\tex/latex/amsfonts\amssymb.s
ty"
Package: amssymb 2013/01/14 v3.01 AMS font symbols

("C:\Users\sdhzd\AppData\Local\Programs\MiKTeX 2.9\tex/latex/amsfonts\amsfonts.
sty"
Package: amsfonts 2013/01/14 v3.01 Basic AMSFonts support
\symAMSa=\mathgroup4
\symAMSb=\mathgroup5
LaTeX Font Info:    Redeclaring math symbol \hbar on input line 98.
LaTeX Font Info:    Overwriting math alphabet `\mathfrak' in version `bold'
(Font)                  U/euf/m/n --> U/euf/b/n on input line 106.
))
("C:\Users\sdhzd\AppData\Local\Programs\MiKTeX 2.9\tex/latex/natbib\natbib.sty"
Package: natbib 2010/09/13 8.31b (PWD, AO)
\bibhang=\skip63
\bibsep=\skip64
LaTeX Info: Redefining \cite on input line 694.
\c@NAT@ctr=\count322
)
("C:\Users\sdhzd\AppData\Local\Programs\MiKTeX 2.9\tex/latex/mdframed\mdframed.
sty"
Package: mdframed 2013/07/01 1.9b: mdframed

("C:\Users\sdhzd\AppData\Local\Programs\MiKTeX 2.9\tex/latex/l3packages/xparse\
xparse.sty"
("C:\Users\sdhzd\AppData\Local\Programs\MiKTeX 2.9\tex/latex/l3kernel\expl3.sty
"
Package: expl3 2020-05-15 L3 programming layer (loader) 

("C:\Users\sdhzd\AppData\Local\Programs\MiKTeX 2.9\tex/latex/l3backend\l3backen
d-pdfmode.def"
File: l3backend-pdfmode.def 2020-05-05 L3 backend support: PDF mode
\l__kernel_color_stack_int=\count323
\l__pdf_internal_box=\box78
))
Package: xparse 2020-05-15 L3 Experimental document command parser

("C:\Users\sdhzd\AppData\Local\Programs\MiKTeX 2.9\tex/latex/l3packages/xparse\
xparse-generic.tex"
\l__xparse_current_arg_int=\count324
\g__xparse_grabber_int=\count325
\l__xparse_m_args_int=\count326
\l__xparse_v_nesting_int=\count327
))
("C:\Users\sdhzd\AppData\Local\Programs\MiKTeX 2.9\tex/latex/zref\zref-abspage.
sty"
Package: zref-abspage 2020-05-28 v2.31 Module abspage for zref (HO)

("C:\Users\sdhzd\AppData\Local\Programs\MiKTeX 2.9\tex/latex/zref\zref-base.sty
"
Package: zref-base 2020-05-28 v2.31 Module base for zref (HO)
Package zref Info: New property list: main on input line 763.
Package zref Info: New property: default on input line 764.
Package zref Info: New property: page on input line 765.
)
\c@abspage=\count328
Package zref Info: New property: abspage on input line 66.
)
("C:\Users\sdhzd\AppData\Local\Programs\MiKTeX 2.9\tex/latex/needspace\needspac
e.sty"
Package: needspace 2010/09/12 v1.3d reserve vertical space
)
\mdf@templength=\skip65
\c@mdf@globalstyle@cnt=\count329
\mdf@skipabove@length=\skip66
\mdf@skipbelow@length=\skip67
\mdf@leftmargin@length=\skip68
\mdf@rightmargin@length=\skip69
\mdf@innerleftmargin@length=\skip70
\mdf@innerrightmargin@length=\skip71
\mdf@innertopmargin@length=\skip72
\mdf@innerbottommargin@length=\skip73
\mdf@splittopskip@length=\skip74
\mdf@splitbottomskip@length=\skip75
\mdf@outermargin@length=\skip76
\mdf@innermargin@length=\skip77
\mdf@linewidth@length=\skip78
\mdf@innerlinewidth@length=\skip79
\mdf@middlelinewidth@length=\skip80
\mdf@outerlinewidth@length=\skip81
\mdf@roundcorner@length=\skip82
\mdf@footenotedistance@length=\skip83
\mdf@userdefinedwidth@length=\skip84
\mdf@needspace@length=\skip85
\mdf@frametitleaboveskip@length=\skip86
\mdf@frametitlebelowskip@length=\skip87
\mdf@frametitlerulewidth@length=\skip88
\mdf@frametitleleftmargin@length=\skip89
\mdf@frametitlerightmargin@length=\skip90
\mdf@shadowsize@length=\skip91
\mdf@extratopheight@length=\skip92
\mdf@subtitleabovelinewidth@length=\skip93
\mdf@subtitlebelowlinewidth@length=\skip94
\mdf@subtitleaboveskip@length=\skip95
\mdf@subtitlebelowskip@length=\skip96
\mdf@subtitleinneraboveskip@length=\skip97
\mdf@subtitleinnerbelowskip@length=\skip98
\mdf@subsubtitleabovelinewidth@length=\skip99
\mdf@subsubtitlebelowlinewidth@length=\skip100
\mdf@subsubtitleaboveskip@length=\skip101
\mdf@subsubtitlebelowskip@length=\skip102
\mdf@subsubtitleinneraboveskip@length=\skip103
\mdf@subsubtitleinnerbelowskip@length=\skip104

("C:\Users\sdhzd\AppData\Local\Programs\MiKTeX 2.9\tex/latex/mdframed\md-frame-
0.mdf"
File: md-frame-0.mdf 2013/07/01\ 1.9b: md-frame-0
)
\mdf@frametitlebox=\box79
\mdf@footnotebox=\box80
\mdf@splitbox@one=\box81
\mdf@splitbox@two=\box82
\mdf@splitbox@save=\box83
\mdfsplitboxwidth=\skip105
\mdfsplitboxtotalwidth=\skip106
\mdfsplitboxheight=\skip107
\mdfsplitboxdepth=\skip108
\mdfsplitboxtotalheight=\skip109
\mdfframetitleboxwidth=\skip110
\mdfframetitleboxtotalwidth=\skip111
\mdfframetitleboxheight=\skip112
\mdfframetitleboxdepth=\skip113
\mdfframetitleboxtotalheight=\skip114
\mdffootnoteboxwidth=\skip115
\mdffootnoteboxtotalwidth=\skip116
\mdffootnoteboxheight=\skip117
\mdffootnoteboxdepth=\skip118
\mdffootnoteboxtotalheight=\skip119
\mdftotallinewidth=\skip120
\mdfboundingboxwidth=\skip121
\mdfboundingboxtotalwidth=\skip122
\mdfboundingboxheight=\skip123
\mdfboundingboxdepth=\skip124
\mdfboundingboxtotalheight=\skip125
\mdf@freevspace@length=\skip126
\mdf@horizontalwidthofbox@length=\skip127
\mdf@verticalmarginwhole@length=\skip128
\mdf@horizontalspaceofbox=\skip129
\mdfsubtitleheight=\skip130
\mdfsubsubtitleheight=\skip131
\c@mdfcountframes=\count330

****** mdframed patching \endmdf@trivlist

****** -- success******

\mdf@envdepth=\count331
\c@mdf@env@i=\count332
\c@mdf@env@ii=\count333
\c@mdf@zref@counter=\count334
Package zref Info: New property: mdf@pagevalue on input line 895.
)
("C:\Users\sdhzd\AppData\Local\Programs\MiKTeX 2.9\tex/latex/matlab-prettifier\
matlab-prettifier.sty"
Package: matlab-prettifier 2014/06/19 v0.3 A package for prettyprinting Matlab 
source code

("C:\Users\sdhzd\AppData\Local\Programs\MiKTeX 2.9\tex/latex/base\textcomp.sty"
Package: textcomp 2020/02/02 v2.0n Standard LaTeX package
)
\netBracketCount@mlpr=\count335
\blkLvl@mlpr=\count336
\blkLvlAtClassdef@mlpr=\count337
\emHeight@mlpr=\skip132
\jayDepth@mlpr=\skip133
\sectionRuleOffset@mlpr=\skip134
\toks@mlpr=\toks40
)
("C:\Users\sdhzd\AppData\Local\Programs\MiKTeX 2.9\tex/latex/grffile\grffile.st
y"
Package: grffile 2019/11/11 v2.1 Extended file name support for graphics (legac
y)
Package grffile Info: This package is an empty stub for compatibility on input 
line 40.
)
("C:\Users\sdhzd\AppData\Local\Programs\MiKTeX 2.9\tex/latex/geometry\geometry.
sty"
Package: geometry 2020/01/02 v5.9 Page Geometry

("C:\Users\sdhzd\AppData\Local\Programs\MiKTeX 2.9\tex/generic/iftex\ifvtex.sty
"
Package: ifvtex 2019/10/25 v1.7 ifvtex legacy package. Use iftex instead.
)
\Gm@cnth=\count338
\Gm@cntv=\count339
\c@Gm@tempcnt=\count340
\Gm@bindingoffset=\dimen267
\Gm@wd@mp=\dimen268
\Gm@odd@mp=\dimen269
\Gm@even@mp=\dimen270
\Gm@layoutwidth=\dimen271
\Gm@layoutheight=\dimen272
\Gm@layouthoffset=\dimen273
\Gm@layoutvoffset=\dimen274
\Gm@dimlist=\toks41

("C:\Users\sdhzd\AppData\Local\Programs\MiKTeX 2.9\tex/latex/geometry\geometry.
cfg"))
("C:\Users\sdhzd\AppData\Local\Programs\MiKTeX 2.9\tex/latex/overpic\overpic.st
y"
Package: overpic 2020/02/22 1.3 picture overlays (RN)
 ("C:\Users\sdhzd\AppData\Local\Programs\MiKTeX 2.9\tex/latex/epic\epic.sty"
Enhancements to Picture Environment. Version 1.2 - Released June 1, 1986
\@@multicnt=\count341
\d@lta=\count342
\@delta=\dimen275
\@@delta=\dimen276
\@gridcnt=\count343
\@joinkind=\count344
\@dotgap=\dimen277
\@ddotgap=\dimen278
\@x@diff=\count345
\@y@diff=\count346
\x@diff=\dimen279
\y@diff=\dimen280
\@dotbox=\box84
\num@segments=\count347
\num@segmentsi=\count348
\@datafile=\read6
)
\OVP@box=\box85
)
("C:\Users\sdhzd\AppData\Local\Programs\MiKTeX 2.9\tex/latex/subfig\subfig.sty"
Package: subfig 2005/06/28 ver: 1.3 subfig package

("C:\Users\sdhzd\AppData\Local\Programs\MiKTeX 2.9\tex/latex/caption\caption.st
y"
Package: caption 2020/05/30 v3.4k Customizing captions (AR)

("C:\Users\sdhzd\AppData\Local\Programs\MiKTeX 2.9\tex/latex/caption\caption3.s
ty"
Package: caption3 2020/05/30 v1.12 caption3 kernel (AR)
Package caption3 Info: TeX engine: e-TeX on input line 61.
\captionmargin=\dimen281
\captionmargin@=\dimen282
\captionwidth=\dimen283
\caption@tempdima=\dimen284
\caption@indent=\dimen285
\caption@parindent=\dimen286
\caption@hangindent=\dimen287
Package caption Info: Standard document class detected.
)
\c@caption@flags=\count349
\c@continuedfloat=\count350
Package caption Info: float package is loaded.
Package caption Info: hyperref package is loaded.
Package caption Info: listings package is loaded.
Package caption Info: longtable package is loaded.

("C:\Users\sdhzd\AppData\Local\Programs\MiKTeX 2.9\tex/latex/caption\ltcaption.
sty"
Package: ltcaption 2020/05/30 v1.4b longtable captions (AR)
)
Package caption Info: threeparttable package is loaded.
)
\c@KVtest=\count351
\sf@farskip=\skip135
\sf@captopadj=\dimen288
\sf@capskip=\skip136
\sf@nearskip=\skip137
\c@subfigure=\count352
\c@subfigure@save=\count353
\c@lofdepth=\count354
\c@subtable=\count355
\c@subtable@save=\count356
\c@lotdepth=\count357
\sf@top=\skip138
\sf@bottom=\skip139
)
("C:\Users\sdhzd\AppData\Local\Programs\MiKTeX 2.9\tex/latex/soul\soul.sty"
Package: soul 2003/11/17 v2.4 letterspacing/underlining (mf)
\SOUL@word=\toks42
\SOUL@lasttoken=\toks43
\SOUL@cmds=\toks44
\SOUL@buffer=\toks45
\SOUL@token=\toks46
\SOUL@spaceskip=\skip140
\SOUL@ttwidth=\dimen289
\SOUL@uldp=\dimen290
\SOUL@ulht=\dimen291
)
runsystem(for ^%i in (pygmentize.exe pygmentize.bat pygmentize.cmd) do set > ma
in.aex <nul: /p x=^%~$PATH:i>> main.aex)...executed.

runsystem(del main.aex)...executed.


(main.aux)
\openout1 = `main.aux'.

LaTeX Font Info:    Checking defaults for OML/cmm/m/it on input line 132.
LaTeX Font Info:    ... okay on input line 132.
LaTeX Font Info:    Checking defaults for OMS/cmsy/m/n on input line 132.
LaTeX Font Info:    ... okay on input line 132.
LaTeX Font Info:    Checking defaults for OT1/cmr/m/n on input line 132.
LaTeX Font Info:    ... okay on input line 132.
LaTeX Font Info:    Checking defaults for T1/cmr/m/n on input line 132.
LaTeX Font Info:    ... okay on input line 132.
LaTeX Font Info:    Checking defaults for TS1/cmr/m/n on input line 132.
LaTeX Font Info:    ... okay on input line 132.
LaTeX Font Info:    Checking defaults for OMX/cmex/m/n on input line 132.
LaTeX Font Info:    ... okay on input line 132.
LaTeX Font Info:    Checking defaults for U/cmr/m/n on input line 132.
LaTeX Font Info:    ... okay on input line 132.
LaTeX Font Info:    Checking defaults for PD1/pdf/m/n on input line 132.
LaTeX Font Info:    ... okay on input line 132.
 ABD: EveryShipout initializing macros
("C:\Users\sdhzd\AppData\Local\Programs\MiKTeX 2.9\tex/context/base/mkii\supp-p
df.mkii"
[Loading MPS to PDF converter (version 2006.09.02).]
\scratchcounter=\count358
\scratchdimen=\dimen292
\scratchbox=\box86
\nofMPsegments=\count359
\nofMParguments=\count360
\everyMPshowfont=\toks47
\MPscratchCnt=\count361
\MPscratchDim=\dimen293
\MPnumerator=\count362
\makeMPintoPDFobject=\count363
\everyMPtoPDFconversion=\toks48
)
("C:\Users\sdhzd\AppData\Local\Programs\MiKTeX 2.9\tex/latex/epstopdf-pkg\epsto
pdf-base.sty"
Package: epstopdf-base 2020-01-24 v2.11 Base part for package epstopdf
Package epstopdf-base Info: Redefining graphics rule for `.eps' on input line 4
85.
)
\AtBeginShipoutBox=\box87
Package hyperref Info: Link coloring OFF on input line 132.

("C:\Users\sdhzd\AppData\Local\Programs\MiKTeX 2.9\tex/latex/hyperref\nameref.s
ty"
Package: nameref 2019/09/16 v2.46 Cross-referencing by name of section

("C:\Users\sdhzd\AppData\Local\Programs\MiKTeX 2.9\tex/latex/refcount\refcount.
sty"
Package: refcount 2019/12/15 v3.6 Data extraction from label references (HO)
)
("C:\Users\sdhzd\AppData\Local\Programs\MiKTeX 2.9\tex/generic/gettitlestring\g
ettitlestring.sty"
Package: gettitlestring 2019/12/15 v1.6 Cleanup title references (HO)
)
\c@section@level=\count364
)
LaTeX Info: Redefining \ref on input line 132.
LaTeX Info: Redefining \pageref on input line 132.
LaTeX Info: Redefining \nameref on input line 132.
 (main.out) (main.out)
\@outlinefile=\write8
\openout8 = `main.out'.

\c@lstlisting=\count365

*geometry* driver: auto-detecting
*geometry* detected driver: pdftex
*geometry* verbose mode - [ preamble ] result:
* driver: pdftex
* paper: <default>
* layout: <same size as paper>
* layoutoffset:(h,v)=(0.0pt,0.0pt)
* modes: 
* h-part:(L,W,R)=(72.26999pt, 469.75502pt, 72.26999pt)
* v-part:(T,H,B)=(72.26999pt, 650.43001pt, 72.26999pt)
* \paperwidth=614.295pt
* \paperheight=794.96999pt
* \textwidth=469.75502pt
* \textheight=650.43001pt
* \oddsidemargin=0.0pt
* \evensidemargin=0.0pt
* \topmargin=-37.0pt
* \headheight=12.0pt
* \headsep=25.0pt
* \topskip=12.0pt
* \footskip=30.0pt
* \marginparwidth=44.0pt
* \marginparsep=10.0pt
* \columnsep=10.0pt
* \skip\footins=10.8pt plus 4.0pt minus 2.0pt
* \hoffset=0.0pt
* \voffset=0.0pt
* \mag=1000
* \@twocolumnfalse
* \@twosidefalse
* \@mparswitchfalse
* \@reversemarginfalse
* (1in=72.27pt=25.4mm, 1cm=28.453pt)

Package caption Info: Begin \AtBeginDocument code.
Package caption Info: subfig package v1.3 is loaded.
Package caption Info: End \AtBeginDocument code.
LaTeX Font Info:    Trying to load font information for U+msa on input line 135
.
("C:\Users\sdhzd\AppData\Local\Programs\MiKTeX 2.9\tex/latex/amsfonts\umsa.fd"
File: umsa.fd 2013/01/14 v3.01 AMS symbols A
)
LaTeX Font Info:    Trying to load font information for U+msb on input line 135
.
("C:\Users\sdhzd\AppData\Local\Programs\MiKTeX 2.9\tex/latex/amsfonts\umsb.fd"
File: umsb.fd 2013/01/14 v3.01 AMS symbols B
)
Underfull \hbox (badness 1009) in paragraph at lines 135--135
[][]\OT1/cmr/m/n/10 If you have any ques-tions, please con-tact: jhuang12@uchic
ago.edu, fab-rice@uchicago.edu, pay-
 []

<mfrLogo.png, id=214, 656.4525pt x 356.33125pt>
File: mfrLogo.png Graphic file (type png)
<use mfrLogo.png>
Package pdftex.def Info: mfrLogo.png  used on input line 136.
(pdftex.def)             Requested size: 234.8775pt x 127.49619pt.
(main.toc [1

{C:/Users/sdhzd/AppData/Local/MiKTeX/2.9/pdftex/config/pdftex.map} <./mfrLogo.p
ng>] [2])
\tf@toc=\write9
\openout9 = `main.toc'.

 [3]
Overfull \hbox (9.98311pt too wide) in paragraph at lines 157--158
\OT1/cmr/m/n/12 The soft-ware is dis-tributed un-der the MIT Li-cense (please r
e-fer to file \OT1/cmtt/m/n/12 /license/LICENSE.txt\OT1/cmr/m/n/12 ).
 []

[4]
Overfull \hbox (19.36603pt too wide) in paragraph at lines 164--167
\OT1/cmr/m/n/12 with the \OT1/cmtt/m/n/12 pip \OT1/cmr/m/n/12 pack-age man-ager
. We rec-om-mend the Ana-conda dis-tri-bu-tion ([]www.anaconda.com[]),
 []


Underfull \hbox (badness 10000) in paragraph at lines 164--167

 []

<windowsVSInstaller.png, id=316, 752.8125pt x 153.57375pt>
File: windowsVSInstaller.png Graphic file (type png)
<use windowsVSInstaller.png>
Package pdftex.def Info: windowsVSInstaller.png  used on input line 177.
(pdftex.def)             Requested size: 301.11966pt x 61.4284pt.

Overfull \hbox (66.24216pt too wide) in paragraph at lines 177--178
 [][] 
 []

<windowsC.png, id=317, 632.3625pt x 140.525pt>
File: windowsC.png Graphic file (type png)
<use windowsC.png>
Package pdftex.def Info: windowsC.png  used on input line 183.
(pdftex.def)             Requested size: 252.94052pt x 56.20898pt.

Overfull \hbox (18.06302pt too wide) in paragraph at lines 183--184
 [][] 
 []


Underfull \hbox (badness 10000) in paragraph at lines 193--200

 []

[5 <./windowsVSInstaller.png> <./windowsC.png>]
Underfull \hbox (badness 10000) in paragraph at lines 202--209

 []


Underfull \hbox (badness 10000) in paragraph at lines 211--212

 []

<xcodeCommand.png, id=340, 462.72874pt x 193.72375pt>
File: xcodeCommand.png Graphic file (type png)
<use xcodeCommand.png>
Package pdftex.def Info: xcodeCommand.png  used on input line 221.
(pdftex.def)             Requested size: 185.08821pt x 77.48811pt.
[6 <./xcodeCommand.png>]
Underfull \hbox (badness 10000) in paragraph at lines 229--236

 []


Underfull \hbox (badness 10000) in paragraph at lines 238--245

 []


Underfull \hbox (badness 10000) in paragraph at lines 247--248

 []

LaTeX Font Info:    Font shape `OT1/cmtt/bx/n' in size <12> not available
(Font)              Font shape `OT1/cmtt/m/n' tried instead on input line 251.

Underfull \hbox (badness 10000) in paragraph at lines 252--253

 []


Underfull \hbox (badness 10000) in paragraph at lines 254--255

 []

[7]
Underfull \hbox (badness 10000) in paragraph at lines 256--257

 []


Underfull \hbox (badness 10000) in paragraph at lines 260--261

 []


Underfull \hbox (badness 10000) in paragraph at lines 282--283

 []

[8] [9]
Underfull \hbox (badness 10000) in paragraph at lines 290--291

 []


Overfull \hbox (9.94824pt too wide) in paragraph at lines 292--293
\OT1/cmr/m/n/12 conda Prompt (if you use Win-dows), and \OT1/cmtt/m/n/12 cd \OT
1/cmr/m/n/12 into the \OT1/cmtt/m/n/12 examples \OT1/cmr/m/n/12 folder. Run \OT
1/cmtt/m/n/12 jupyter-notebook\OT1/cmr/m/n/12 .
 []


Overfull \hbox (13.01514pt too wide) in paragraph at lines 292--293
\OT1/cmr/m/n/12 This com-mand will open up Jupyter in your browser. Click \OT1/
cmtt/m/n/12 Python Jupyter Interface.ipynb
 []

<jupyterScreenshot.png, id=378, 288.07625pt x 181.67876pt>
File: jupyterScreenshot.png Graphic file (type png)
<use jupyterScreenshot.png>
Package pdftex.def Info: jupyterScreenshot.png  used on input line 296.
(pdftex.def)             Requested size: 144.03777pt x 90.83914pt.
<jupyterNotebookBefore.png, id=382, 639.38875pt x 358.33875pt>
File: jupyterNotebookBefore.png Graphic file (type png)
<use jupyterNotebookBefore.png>
Package pdftex.def Info: jupyterNotebookBefore.png  used on input line 306.
(pdftex.def)             Requested size: 191.8181pt x 107.50244pt.
<jupyterDisplayed.png, id=383, 759.83875pt x 324.21124pt>
File: jupyterDisplayed.png Graphic file (type png)
<use jupyterDisplayed.png>
Package pdftex.def Info: jupyterDisplayed.png  used on input line 312.
(pdftex.def)             Requested size: 265.94754pt x 113.47563pt.

Overfull \hbox (31.07004pt too wide) in paragraph at lines 312--313
 [][] 
 []

[10 <./jupyterScreenshot.png> <./jupyterNotebookBefore.png> <./jupyterDisplayed
.png>]
<settingParams.png, id=397, 717.68124pt x 485.815pt>
File: settingParams.png Graphic file (type png)
<use settingParams.png>
Package pdftex.def Info: settingParams.png  used on input line 326.
(pdftex.def)             Requested size: 143.5337pt x 97.16127pt.
<jupyterButtons.png, id=398, 118.4425pt x 141.52875pt>
File: jupyterButtons.png Graphic file (type png)
<use jupyterButtons.png>
Package pdftex.def Info: jupyterButtons.png  used on input line 332.
(pdftex.def)             Requested size: 59.2211pt x 70.76419pt.
<buttonStop.png, id=404, 116.435pt x 29.10875pt>
File: buttonStop.png Graphic file (type png)
<use buttonStop.png>
Package pdftex.def Info: buttonStop.png  used on input line 355.
(pdftex.def)             Requested size: 69.86153pt x 17.46538pt.
<menuInterrupt.png, id=405, 142.5325pt x 179.67125pt>
File: menuInterrupt.png Graphic file (type png)
<use menuInterrupt.png>
Package pdftex.def Info: menuInterrupt.png  used on input line 361.
(pdftex.def)             Requested size: 71.26607pt x 89.83539pt.
 [11 <./settingParams.png> <./jupyterButtons.png>]
<sliderJupyter.png, id=418, 712.6625pt x 453.695pt>
File: sliderJupyter.png Graphic file (type png)
<use sliderJupyter.png>
Package pdftex.def Info: sliderJupyter.png  used on input line 371.
(pdftex.def)             Requested size: 285.05995pt x 181.47478pt.
<moments.png, id=421, 584.1825pt x 488.82625pt>
File: moments.png Graphic file (type png)
<use moments.png>
Package pdftex.def Info: moments.png  used on input line 382.
(pdftex.def)             Requested size: 175.25609pt x 146.649pt.
<shockelas.png, id=422, 573.14125pt x 424.58624pt>
File: shockelas.png Graphic file (type png)
<use shockelas.png>
Package pdftex.def Info: shockelas.png  used on input line 388.
(pdftex.def)             Requested size: 171.9437pt x 127.37685pt.
 [12 <./buttonStop.png> <./menuInterrupt.png> <./sliderJupyter.png>]
Underfull \hbox (badness 10000) in paragraph at lines 395--396

 []

[13 <./moments.png> <./shockelas.png>]
Underfull \hbox (badness 10000) in paragraph at lines 403--404

 []


Overfull \hbox (8.57487pt too wide) in paragraph at lines 414--415
[]\OT1/cmr/m/n/12 Each agent type $\OML/cmm/m/it/12 j$ \OT1/cmr/m/n/12 has re-c
ur-sive (``Kreps-Porteus'') pref-er-ences over con-sump-tion streams. 
 []

[14] [15]
LaTeX Font Info:    Font shape `OT1/cmtt/bx/n' in size <14.4> not available
(Font)              Font shape `OT1/cmtt/m/n' tried instead on input line 522.
 [16]
\openout3 = `main.pyg'.

 (_minted-main/default-pyg-prefix.pygstyle)
(_minted-main/default.pygstyle)
(_minted-main/13D39FAFE2D17717E2E3C81B3F88B3464FBEEAFC55D0059826E664B9BBCF3721.
pygtex
LaTeX Font Info:    Font shape `OT1/cmtt/bx/n' in size <10> not available
(Font)              Font shape `OT1/cmtt/m/n' tried instead on input line 3.
)
\openout3 = `main.pyg'.


(_minted-main/EF293C9DFB6FEC719CFCCD50D96C51B34FBEEAFC55D0059826E664B9BBCF3721.
pygtex)
Underfull \hbox (badness 10000) in paragraph at lines 568--569

 []

\openout3 = `main.pyg'.

[17]
(_minted-main/EF3CA9738DA423FC94DD977CF039698E4FBEEAFC55D0059826E664B9BBCF3721.
pygtex)
Overfull \hbox (12.08795pt too wide) in paragraph at lines 587--589
[]\OT1/cmtt/m/n/12 status = -3\OT1/cmr/m/n/12 : The pro-gram stopped due to use
r ter-mi-na-tion (such as press-ing CTRL+C). 
 []


Overfull \hbox (23.71674pt too wide) in paragraph at lines 604--605
[]\OT1/cmr/m/n/12 When []\OT1/cmtt/m/n/12 .solve() \OT1/cmr/m/n/12 is com-plete
d, the fol-low-ing files will be ex-ported into \OT1/cmtt/m/n/12 params[`folder
Name']\OT1/cmr/m/n/12 : 
 []

[18]
LaTeX Font Info:    Trying to load font information for OMS+cmtt on input line 
625.
LaTeX Font Info:    No file OMScmtt.fd. on input line 625.


LaTeX Font Warning: Font shape `OMS/cmtt/m/n' undefined
(Font)              using `OMS/cmsy/m/n' instead
(Font)              for symbol `textbraceleft' on input line 625.


Underfull \hbox (badness 10000) in paragraph at lines 627--628

 []


Overfull \hbox (0.85281pt too wide) in paragraph at lines 647--648
[]\OT1/cmtt/m/n/12 0\OT1/cmr/m/n/12 : \OT1/cmtt/m/n/12 Program did not converge
 after reaching [integer] iterations (the
 []


Overfull \hbox (7.02782pt too wide) in paragraph at lines 648--649
[]\OT1/cmtt/m/n/12 1\OT1/cmr/m/n/12 : \OT1/cmtt/m/n/12 Program converged. Took 
[integer] iterations and [float] seconds.
 []

[19]
Underfull \hbox (badness 10000) in paragraph at lines 674--676

 []

[20] [21]
Overfull \hbox (5.69101pt too wide) in paragraph at lines 720--721
\OT1/cmr/m/n/12 100,000 outer loops. The ex-ported file-names would be, for ex-
am-ple, \OT1/cmtt/m/n/12 zeta[]e[]100000.dat\OT1/cmr/m/n/12 .
 []

[22] [23] [24]
Underfull \hbox (badness 10000) in paragraph at lines 833--834

 []

[25] [26]

LaTeX Font Warning: Font shape `OMS/cmtt/bx/n' undefined
(Font)              using `OMS/cmtt/m/n' instead
(Font)              for symbol `textbraceleft' on input line 892.

[27]
Overfull \hbox (17.70589pt too wide) in paragraph at lines 943--944
\OT1/cmr/m/n/12 elas-tic-i-ties for both house-holds' con-sump-tion and ex-pert
s' con-sump-tion, \OT1/cmtt/m/n/12 expoElasMap
 []

[28] [29]
Overfull \hbox (12.32898pt too wide) in paragraph at lines 997--999
[]\OT1/cmtt/m/n/12 useQuintiles\OT1/cmr/m/n/12 : (Boolean) Sim-i-lar to the sam
e-named ar-gu-ment for the \OT1/cmtt/m/n/12 findIndices
 []


Overfull \hbox (3.74263pt too wide) in paragraph at lines 1021--1022
[]\OT1/cmr/m/n/12 Output: it ex-ports a se-ries of \OT1/cmtt/m/n/12 .png \OT1/c
mr/m/n/12 files. By de-fault, it gen-er-ates plots us-ing \OT1/cmtt/m/n/12 matp
lotlib\OT1/cmr/m/n/12 .
 []

[30]

LaTeX Warning: Command \textquoteright invalid in math mode on input line 1056.



LaTeX Warning: Command \textquoteright invalid in math mode on input line 1061.



LaTeX Warning: Command \textquoteright invalid in math mode on input line 1061.


[31] [32] [33]
Underfull \hbox (badness 10000) in paragraph at lines 1136--1137

 []

[34]
Underfull \hbox (badness 10000) in paragraph at lines 1152--1153

 []


Underfull \hbox (badness 10000) in paragraph at lines 1160--1162

 []


Underfull \hbox (badness 10000) in paragraph at lines 1171--1172

 []


Underfull \hbox (badness 10000) in paragraph at lines 1178--1179

 []


Underfull \hbox (badness 10000) in paragraph at lines 1180--1181

 []

[35]

LaTeX Warning: Command \textquoteright invalid in math mode on input line 1187.



LaTeX Warning: Command \textquoteright invalid in math mode on input line 1187.



Overfull \hbox (19.30415pt too wide) in paragraph at lines 1204--1205
\OT1/cmr/m/n/12 turbed pro-cess, as in ([]5[]). Sup-pose there are $\OML/cmm/m/
it/12 n$ \OT1/cmr/m/n/12 state vari-ables. []\OT1/cmtt/m/n/12 model[`muC'](poin
ts)
 []

[36]
Overfull \hbox (19.83545pt too wide) in paragraph at lines 1205--1206
\OT1/cmr/m/n/12 pro-cess, as in ([]5[]). Sup-pose \OT1/cmtt/m/n/12 points \OT1/
cmr/m/n/12 is a $\OML/cmm/m/it/12 k \OMS/cmtt/bx/n/12  \OML/cmm/m/it/12 n$ \OT
1/cmr/m/n/12 ma-trix. Then []\OT1/cmtt/m/n/12 model[`sigmaC'](points)
 []


Overfull \hbox (37.78777pt too wide) in paragraph at lines 1206--1207
\OT1/cmr/m/n/12 the stochas-tic dis-count fac-tor, as in ([]5[]). Us-ing the sa
me ex-am-ple, []\OT1/cmtt/m/n/12 model[`muS'](points)
 []


Overfull \hbox (26.01045pt too wide) in paragraph at lines 1207--1208
\OT1/cmr/m/n/12 pro-cess, as in ([]5[]). Sup-pose \OT1/cmtt/m/n/12 points \OT1/
cmr/m/n/12 is a $\OML/cmm/m/it/12 k \OMS/cmtt/bx/n/12  \OML/cmm/m/it/12 n$ \OT
1/cmr/m/n/12 ma-trix. Then []\OT1/cmtt/m/n/12 model[`sigmaS;'](points)
 []

\openout3 = `main.pyg'.

[37]
(_minted-main/7AE6E37DBA2B6DFDBADC26FC1BE2F94E4FBEEAFC55D0059826E664B9BBCF3721.
pygtex) [38]
Underfull \hbox (badness 10000) in paragraph at lines 1296--1297

 []


Underfull \hbox (badness 10000) in paragraph at lines 1300--1301

 []


Underfull \hbox (badness 10000) in paragraph at lines 1304--1305

 []


Underfull \hbox (badness 10000) in paragraph at lines 1309--1310

 []


Underfull \hbox (badness 10000) in paragraph at lines 1313--1314

 []

[39]
Underfull \hbox (badness 10000) in paragraph at lines 1326--1327

 []


Underfull \hbox (badness 10000) in paragraph at lines 1331--1332

 []


Underfull \hbox (badness 10000) in paragraph at lines 1336--1337

 []


Underfull \hbox (badness 10000) in paragraph at lines 1343--1344

 []

[40]
Overfull \hbox (13.17618pt too wide) in paragraph at lines 1345--1346
[]\OT1/cmr/bx/n/12 Explanation: \OT1/cmr/m/n/12 This warn-ing props up when the
 de-fault method of \OT1/cmtt/m/n/12 mfr.sdm.computeDent()
 []


Underfull \hbox (badness 10000) in paragraph at lines 1348--1349

 []


Underfull \hbox (badness 10000) in paragraph at lines 1354--1355

 []

[41] [42]
Underfull \hbox (badness 10000) in paragraph at lines 1416--1417

 []


Underfull \hbox (badness 10000) in paragraph at lines 1418--1419

 []

[43] [44]
Underfull \hbox (badness 10000) in paragraph at lines 1434--1435

 []


Underfull \hbox (badness 10000) in paragraph at lines 1436--1437

 []


Underfull \hbox (badness 10000) in paragraph at lines 1469--1470

 []


Underfull \hbox (badness 10000) in paragraph at lines 1471--1472

 []

[45]
<HK_expoC1.png, id=772, 722.7pt x 361.35pt>
File: HK_expoC1.png Graphic file (type png)
<use HK_expoC1.png>
Package pdftex.def Info: HK_expoC1.png  used on input line 1473.
(pdftex.def)             Requested size: 289.07487pt x 144.53743pt.
<HK_priceC1.png, id=773, 722.7pt x 361.35pt>
File: HK_priceC1.png Graphic file (type png)
<use HK_priceC1.png>
Package pdftex.def Info: HK_priceC1.png  used on input line 1474.
(pdftex.def)             Requested size: 289.07487pt x 144.53743pt.
<HK_expoC2.png, id=774, 722.7pt x 361.35pt>
File: HK_expoC2.png Graphic file (type png)
<use HK_expoC2.png>
Package pdftex.def Info: HK_expoC2.png  used on input line 1479.
(pdftex.def)             Requested size: 289.07487pt x 144.53743pt.
<HK_priceC2.png, id=775, 722.7pt x 361.35pt>
File: HK_priceC2.png Graphic file (type png)
<use HK_priceC2.png>
Package pdftex.def Info: HK_priceC2.png  used on input line 1480.
(pdftex.def)             Requested size: 289.07487pt x 144.53743pt.
 [46 <./HK_expoC1.png> <./HK_priceC1.png> <./HK_expoC2.png>]
Underfull \hbox (badness 10000) in paragraph at lines 1485--1486

 []


Underfull \hbox (badness 10000) in paragraph at lines 1499--1500

 []

[47 <./HK_priceC2.png>]
Underfull \hbox (badness 10000) in paragraph at lines 1533--1534

 []


Underfull \hbox (badness 10000) in paragraph at lines 1562--1563

 []

[48]
Underfull \hbox (badness 10000) in paragraph at lines 1572--1573

 []

<BY_shockExpo.png, id=803, 722.7pt x 361.35pt>
File: BY_shockExpo.png Graphic file (type png)
<use BY_shockExpo.png>
Package pdftex.def Info: BY_shockExpo.png  used on input line 1593.
(pdftex.def)             Requested size: 289.07487pt x 144.53743pt.
<BY_shockPrice.png, id=804, 722.7pt x 361.35pt>
File: BY_shockPrice.png Graphic file (type png)
<use BY_shockPrice.png>
Package pdftex.def Info: BY_shockPrice.png  used on input line 1594.
(pdftex.def)             Requested size: 289.07487pt x 144.53743pt.
[49 <./BY_shockExpo.png>]
\openout3 = `main.pyg'.


(_minted-main/24AF0EBB2147CB6DB1103B97A65CADD14FBEEAFC55D0059826E664B9BBCF3721.
pygtex)
Overfull \hbox (52.13855pt too wide) in paragraph at lines 1625--1627
[]\OT1/cmr/m/n/12 Computes the mean and stan-dard de-vi-a-tion of wealth and in
-ter-est rates, us-ing \OT1/cmtt/m/n/12 computeMoments() 
 []

[50 <./BY_shockPrice.png>]
\openout3 = `main.pyg'.


(_minted-main/A6077D635A5BEFC4942D5A7E9C69BBF94FBEEAFC55D0059826E664B9BBCF3721.
pygtex) [51]
Overfull \hbox (9.64445pt too wide) in alignment at lines 1694--1698
 [] [] [] [] 
 []


Overfull \hbox (9.64445pt too wide) in alignment at lines 1698--1700
 [] [] [] [] 
 []


Overfull \hbox (9.64445pt too wide) in alignment at lines 1700--1703
 [] [] [] [] 
 []


Overfull \hbox (9.64445pt too wide) in alignment at lines 1703--1724
 [] [] [] [] 
 []


Underfull \vbox (badness 10000) detected at line 1724
 []


Overfull \hbox (9.64445pt too wide) in alignment at lines 1724--1730
 [] [] [] [] 
 []


Package hyperref Warning: Token not allowed in a PDF string (PDFDocEncoding):
(hyperref)                removing `\begingroup' on input line 1788.


Package hyperref Warning: Token not allowed in a PDF string (PDFDocEncoding):
(hyperref)                removing `\<let>-command' on input line 1788.


Package hyperref Warning: Token not allowed in a PDF string (PDFDocEncoding):
(hyperref)                removing `\NAT@ctype' on input line 1788.


Package hyperref Warning: Token not allowed in a PDF string (PDFDocEncoding):
(hyperref)                removing `\z@' on input line 1788.


Package hyperref Warning: Token not allowed in a PDF string (PDFDocEncoding):
(hyperref)                removing `\let' on input line 1788.


Package hyperref Warning: Token not allowed in a PDF string (PDFDocEncoding):
(hyperref)                removing `\let' on input line 1788.


Package hyperref Warning: Token not allowed in a PDF string (PDFDocEncoding):
(hyperref)                removing `\new@ifnextchar' on input line 1788.

[52] [53]
LaTeX Font Info:    Trying to load font information for OMS+cmr on input line 1
829.

("C:\Users\sdhzd\AppData\Local\Programs\MiKTeX 2.9\tex/latex/base\omscmr.fd"
File: omscmr.fd 2019/12/16 v2.5j Standard LaTeX font definitions
)
LaTeX Font Info:    Font shape `OMS/cmr/m/n' in size <12> not available
(Font)              Font shape `OMS/cmsy/m/n' tried instead on input line 1829.


Overfull \hbox (30.55823pt too wide) in paragraph at lines 1819--1854
 [][] 
 []

[54] [55] [56] (main.bbl) [57]
Package atveryend Info: Empty hook `BeforeClearDocument' on input line 1878.
Package atveryend Info: Empty hook `AfterLastShipout' on input line 1878.
 (main.aux)
Package atveryend Info: Executing hook `AtVeryEndDocument' on input line 1878.
Package atveryend Info: Executing hook `AtEndAfterFileList' on input line 1878.

Package rerunfilecheck Info: File `main.out' has not changed.
(rerunfilecheck)             Checksum: E175811B65835BC73C76774DECF1B8A2;3930.


LaTeX Font Warning: Some font shapes were not available, defaults substituted.

runsystem(del main.pyg)...executed.

 ) 
Here is how much of TeX's memory you used:
 24967 strings out of 480799
 473921 string characters out of 2895784
 804041 words of memory out of 3000000
 40218 multiletter control sequences out of 15000+200000
 548162 words of font info for 84 fonts, out of 3000000 for 9000
 1141 hyphenation exceptions out of 8191
 59i,16n,75p,1347b,527s stack positions out of 5000i,500n,10000p,200000b,50000s
 <C:\Users\sdhzd\AppData\Local\MiKTeX\2.9\fonts/pk/ljfour/jknappen/ec/dpi600\
tcrm1200.pk> <C:\Users\sdhzd\AppData\Local\MiKTeX\2.9\fonts/pk/ljfour/jknappen/
ec/dpi600\tcrm0700.pk> <C:\Users\sdhzd\AppData\Local\MiKTeX\2.9\fonts/pk/ljfour
/jknappen/ec/dpi600\tcrm1000.pk><C:/Users/sdhzd/AppData/Local/Programs/MiKTeX 2
.9/fonts/type1/public/amsfonts/cm/cmbsy10.pfb><C:/Users/sdhzd/AppData/Local/Pro
grams/MiKTeX 2.9/fonts/type1/public/amsfonts/cm/cmbx12.pfb><C:/Users/sdhzd/AppD
ata/Local/Programs/MiKTeX 2.9/fonts/type1/public/amsfonts/cm/cmex10.pfb><C:/Use
rs/sdhzd/AppData/Local/Programs/MiKTeX 2.9/fonts/type1/public/amsfonts/cmextra/
cmex8.pfb><C:/Users/sdhzd/AppData/Local/Programs/MiKTeX 2.9/fonts/type1/public/
amsfonts/cm/cmitt10.pfb><C:/Users/sdhzd/AppData/Local/Programs/MiKTeX 2.9/fonts
/type1/public/amsfonts/cm/cmmi12.pfb><C:/Users/sdhzd/AppData/Local/Programs/MiK
TeX 2.9/fonts/type1/public/amsfonts/cm/cmmi6.pfb><C:/Users/sdhzd/AppData/Local/
Programs/MiKTeX 2.9/fonts/type1/public/amsfonts/cm/cmmi8.pfb><C:/Users/sdhzd/Ap
pData/Local/Programs/MiKTeX 2.9/fonts/type1/public/amsfonts/cm/cmr10.pfb><C:/Us
ers/sdhzd/AppData/Local/Programs/MiKTeX 2.9/fonts/type1/public/amsfonts/cm/cmr1
2.pfb><C:/Users/sdhzd/AppData/Local/Programs/MiKTeX 2.9/fonts/type1/public/amsf
onts/cm/cmr17.pfb><C:/Users/sdhzd/AppData/Local/Programs/MiKTeX 2.9/fonts/type1
/public/amsfonts/cm/cmr6.pfb><C:/Users/sdhzd/AppData/Local/Programs/MiKTeX 2.9/
fonts/type1/public/amsfonts/cm/cmr7.pfb><C:/Users/sdhzd/AppData/Local/Programs/
MiKTeX 2.9/fonts/type1/public/amsfonts/cm/cmr8.pfb><C:/Users/sdhzd/AppData/Loca
l/Programs/MiKTeX 2.9/fonts/type1/public/amsfonts/cm/cmsy10.pfb><C:/Users/sdhzd
/AppData/Local/Programs/MiKTeX 2.9/fonts/type1/public/amsfonts/cm/cmsy6.pfb><C:
/Users/sdhzd/AppData/Local/Programs/MiKTeX 2.9/fonts/type1/public/amsfonts/cm/c
msy8.pfb><C:/Users/sdhzd/AppData/Local/Programs/MiKTeX 2.9/fonts/type1/public/a
msfonts/cm/cmti10.pfb><C:/Users/sdhzd/AppData/Local/Programs/MiKTeX 2.9/fonts/t
ype1/public/amsfonts/cm/cmti12.pfb><C:/Users/sdhzd/AppData/Local/Programs/MiKTe
X 2.9/fonts/type1/public/amsfonts/cm/cmtt10.pfb><C:/Users/sdhzd/AppData/Local/P
rograms/MiKTeX 2.9/fonts/type1/public/amsfonts/cm/cmtt12.pfb><C:/Users/sdhzd/Ap
pData/Local/Programs/MiKTeX 2.9/fonts/type1/public/amsfonts/symbols/msbm10.pfb>

Output written on main.pdf (57 pages, 1289126 bytes).
PDF statistics:
 996 PDF objects out of 1000 (max. 8388607)
 214 named destinations out of 1000 (max. 500000)
 529 words of extra memory for PDF output out of 10000 (max. 10000000)

